<?xml version="1.0" encoding="UTF-8"?>
<!-- Generated by org.testng.reporters.JUnitReportReporter -->
<testsuite skipped="0" hostname="LAPTOP-8P0SMJ2T" name="com.qa.api.gorest.tests.DeleteUserTest" tests="1" failures="0" timestamp="13 Jun 2020 13:20:11 GMT" time="6.009" errors="0">
  <testcase name="deleteUserAPITest" time="6.009" classname="com.qa.api.gorest.tests.DeleteUserTest"/>
</testsuite> <!-- com.qa.api.gorest.tests.DeleteUserTest -->
