<?xml version="1.0" encoding="UTF-8"?>
<!-- Generated by org.testng.reporters.JUnitReportReporter -->
<testsuite skipped="0" hostname="LAPTOP-8P0SMJ2T" name="com.qa.api.gorest.pojo.UserResult" tests="1" failures="0" timestamp="11 Jun 2020 06:35:37 GMT" time="4.471" errors="0">
  <testcase name="createUserWithFullJson" time="4.471" classname="com.qa.api.gorest.pojo.UserResult"/>
</testsuite> <!-- com.qa.api.gorest.pojo.UserResult -->
