<?xml version="1.0" encoding="UTF-8"?>
<!-- Generated by org.testng.reporters.JUnitReportReporter -->
<testsuite skipped="0" hostname="LAPTOP-8P0SMJ2T" name="com.qa.api.gorest.tests.UpdateUserTest" tests="1" failures="0" timestamp="14 Jun 2020 12:58:59 GMT" time="6.158" errors="0">
  <testcase name="updateUserAPITest" time="6.158" classname="com.qa.api.gorest.tests.UpdateUserTest"/>
</testsuite> <!-- com.qa.api.gorest.tests.UpdateUserTest -->
