<?xml version="1.0" encoding="UTF-8"?>
<!-- Generated by org.testng.reporters.JUnitReportReporter -->
<testsuite skipped="0" hostname="LAPTOP-8P0SMJ2T" name="com.qa.api.gorest.util.GetImgurAPITest" tests="1" failures="0" timestamp="10 Jun 2020 13:04:26 GMT" time="4.852" errors="0">
  <testcase name="getAccountImageTest" time="4.852" classname="com.qa.api.gorest.util.GetImgurAPITest"/>
</testsuite> <!-- com.qa.api.gorest.util.GetImgurAPITest -->
