<?xml version="1.0" encoding="UTF-8"?>
<!-- Generated by org.testng.reporters.JUnitReportReporter -->
<testsuite skipped="0" hostname="LAPTOP-8P0SMJ2T" name="com.qa.api.gorest.tests.GetUserTest" tests="2" failures="0" timestamp="11 Jun 2020 15:55:37 GMT" time="5.870" errors="0">
  <testcase name="getAllUserListAPI_Test" time="5.325" classname="com.qa.api.gorest.tests.GetUserTest"/>
  <testcase name="getUserListAPI_WithQueryParams_Test" time="0.545" classname="com.qa.api.gorest.tests.GetUserTest"/>
</testsuite> <!-- com.qa.api.gorest.tests.GetUserTest -->
